<?xml version="1.0" encoding="UTF-8"?>
<!-- Generated by org.testng.reporters.JUnitReportReporter -->
<testsuite hostname="DESKTOP-QVL7C42" failures="0" tests="2" name="com.hybrid.test.TC_002_Login" time="65.433" errors="0" timestamp="2024-08-21T11:24:59 IST" skipped="0">
  <testcase classname="com.hybrid.test.TC_002_Login" name="Verify_InvalidCredential" time="41.475"/>
  <system-out/>
  <testcase classname="com.hybrid.test.TC_002_Login" name="Verify_ValidCredential" time="23.958"/>
  <system-out/>
</testsuite> <!-- com.hybrid.test.TC_002_Login -->
