<?xml version="1.0" encoding="UTF-8"?>
<!-- Generated by org.testng.reporters.JUnitReportReporter -->
<testsuite hostname="DESKTOP-QVL7C42" failures="0" tests="2" name="com.hybrid.test.TC_001_AccountRegistration" time="48.090" errors="0" timestamp="2024-08-21T11:24:59 IST" skipped="0">
  <testcase classname="com.hybrid.test.TC_001_AccountRegistration" name="Verify_InvalidCredential" time="15.776"/>
  <system-out/>
  <testcase classname="com.hybrid.test.TC_001_AccountRegistration" name="Verify_ValidCredentials" time="32.314"/>
  <system-out/>
</testsuite> <!-- com.hybrid.test.TC_001_AccountRegistration -->
